<?xml version="1.0" encoding="UTF-8"?>
<!-- Generated by org.testng.reporters.JUnitReportReporter -->
<testsuite skipped="0" hostname="Lenovo" name="com.adactin.Hotel1" tests="1" failures="0" timestamp="25 Feb 2022 15:29:28 GMT" time="37.834" errors="0">
  <testcase name="test1" time="37.834" classname="com.adactin.Hotel1"/>
</testsuite> <!-- com.adactin.Hotel1 -->
